<?xml version="1.0" encoding="UTF-8"?>
<!-- Generated by org.testng.reporters.JUnitReportReporter -->
<testsuite skipped="0" hostname="Sanjeev" name="Com.JBK.MavenTest.DashboardTest" tests="1" failures="0" timestamp="14 Sep 2025 11:39:19 GMT" time="6.068" errors="0">
  <testcase name="testToNextpage" time="6.068" classname="Com.JBK.MavenTest.DashboardTest"/>
</testsuite> <!-- Com.JBK.MavenTest.DashboardTest -->
