<?xml version="1.0" encoding="UTF-8"?>
<!-- Generated by org.testng.reporters.JUnitReportReporter -->
<testsuite skipped="0" hostname="Sanjeev" name="Com.JBK.MavenTest.LoginTest" tests="1" failures="0" timestamp="14 Sep 2025 11:56:08 GMT" time="5.719" errors="0">
  <testcase name="testToNextpage" time="5.719" classname="Com.JBK.MavenTest.LoginTest"/>
</testsuite> <!-- Com.JBK.MavenTest.LoginTest -->
